C:\USERS\STUDENT\PW\BIN\CMAKEFILES\GENERATE.STAMP
C:\USERS\STUDENT\PW\BIN\DEBUG\LABORKA.EXE
C:\USERS\STUDENT\PW\BIN\DEBUG\LABORKA.ILK
C:\USERS\STUDENT\PW\BIN\DEBUG\LABORKA.PDB
C:\Users\student\PW\bin\Laborka.dir\Debug\cl.command.1.tlog
C:\Users\student\PW\bin\Laborka.dir\Debug\CL.read.1.tlog
C:\Users\student\PW\bin\Laborka.dir\Debug\CL.write.1.tlog
C:\Users\student\PW\bin\Laborka.dir\Debug\custombuild.command.1.tlog
C:\Users\student\PW\bin\Laborka.dir\Debug\custombuild.read.1.tlog
C:\Users\student\PW\bin\Laborka.dir\Debug\custombuild.write.1.tlog
C:\USERS\STUDENT\PW\BIN\LABORKA.DIR\DEBUG\LABORKA.EXE.EMBED.MANIFEST
C:\USERS\STUDENT\PW\BIN\LABORKA.DIR\DEBUG\LABORKA.EXE.EMBED.MANIFEST.RES
C:\USERS\STUDENT\PW\BIN\LABORKA.DIR\DEBUG\LABORKA.EXE.INTERMEDIATE.MANIFEST
C:\Users\student\PW\bin\Laborka.dir\Debug\Laborka.vcxprojResolveAssemblyReference.cache
C:\Users\student\PW\bin\Laborka.dir\Debug\Laborka.write.1.tlog
C:\Users\student\PW\bin\Laborka.dir\Debug\Laborka_manifest.rc
C:\Users\student\PW\bin\Laborka.dir\Debug\link.1100.read.1.tlog
C:\Users\student\PW\bin\Laborka.dir\Debug\link.1100.write.1.tlog
C:\Users\student\PW\bin\Laborka.dir\Debug\link.1100-cvtres.read.1.tlog
C:\Users\student\PW\bin\Laborka.dir\Debug\link.1100-cvtres.write.1.tlog
C:\Users\student\PW\bin\Laborka.dir\Debug\link.2464.read.1.tlog
C:\Users\student\PW\bin\Laborka.dir\Debug\link.2464.write.1.tlog
C:\Users\student\PW\bin\Laborka.dir\Debug\link.2464-cvtres.read.1.tlog
C:\Users\student\PW\bin\Laborka.dir\Debug\link.2464-cvtres.write.1.tlog
C:\Users\student\PW\bin\Laborka.dir\Debug\link.command.1.tlog
C:\Users\student\PW\bin\Laborka.dir\Debug\link.read.1.tlog
C:\Users\student\PW\bin\Laborka.dir\Debug\link.write.1.tlog
C:\Users\student\PW\bin\Laborka.dir\Debug\link-cvtres.read.1.tlog
C:\Users\student\PW\bin\Laborka.dir\Debug\link-cvtres.write.1.tlog
C:\USERS\STUDENT\PW\BIN\LABORKA.DIR\DEBUG\MAIN.OBJ
C:\Users\student\PW\bin\Laborka.dir\Debug\mt.command.1.tlog
C:\Users\student\PW\bin\Laborka.dir\Debug\mt.read.1.tlog
C:\Users\student\PW\bin\Laborka.dir\Debug\mt.write.1.tlog
C:\Users\student\PW\bin\Laborka.dir\Debug\rc.command.1.tlog
C:\Users\student\PW\bin\Laborka.dir\Debug\rc.read.1.tlog
C:\Users\student\PW\bin\Laborka.dir\Debug\rc.write.1.tlog
C:\USERS\STUDENT\PW\BIN\LABORKA.DIR\DEBUG\VC100.PDB
